<?xml version="1.0" encoding="UTF-8"?>
<!-- Generated by org.testng.reporters.JUnitReportReporter -->
<testsuite hostname="LAPTOP-MRF22K2D" failures="0" tests="2" name="fbTest.Annotaion" time="0.016" errors="0" timestamp="2022-09-29T22:47:29 IST" skipped="0">
  <testcase classname="fbTest.Annotaion" name="TC01" time="0.012"/>
  <system-out/>
  <testcase classname="fbTest.Annotaion" name="TC02" time="0.004"/>
  <system-out/>
</testsuite> <!-- fbTest.Annotaion -->
