<?xml version="1.0" encoding="UTF-8"?>
<!-- Generated by org.testng.reporters.JUnitReportReporter -->
<testsuite hostname="LAPTOP-MRF22K2D" failures="0" tests="2" name="Assert.assertClassHardSoft" time="0.025" errors="0" timestamp="2022-10-03T21:57:31 IST" skipped="0">
  <testcase classname="Assert.assertClassHardSoft" name="TC02" time="0.005"/>
  <system-out/>
  <testcase classname="Assert.assertClassHardSoft" name="TC01" time="0.020"/>
  <system-out/>
</testsuite> <!-- Assert.assertClassHardSoft -->
