<?xml version="1.0" encoding="UTF-8"?>
<!-- Generated by org.testng.reporters.JUnitReportReporter -->
<testsuite hostname="LAPTOP-MRF22K2D" failures="0" tests="9" name="fbTest.PriorityTest" time="0.039" errors="0" timestamp="2022-09-29T22:10:54 IST" skipped="1">
  <testcase classname="fbTest.PriorityTest" name="TC04" time="0.029"/>
  <system-out/>
  <testcase classname="fbTest.PriorityTest" name="TC05" time="0.001"/>
  <system-out/>
  <testcase classname="fbTest.PriorityTest" name="TC05" time="0.001"/>
  <system-out/>
  <testcase classname="fbTest.PriorityTest" name="TC07" time="0.002"/>
  <system-out/>
  <testcase classname="fbTest.PriorityTest" name="TC05" time="0.002"/>
  <system-out/>
  <testcase classname="fbTest.PriorityTest" name="TC03" time="0.002"/>
  <system-out/>
  <testcase classname="fbTest.PriorityTest" name="TC02" time="0.001"/>
  <system-out/>
  <testcase classname="fbTest.PriorityTest" name="TC01" time="0.001"/>
  <system-out/>
  <testcase classname="fbTest.PriorityTest" name="TC06">
    <skipped/>
  </testcase> <!-- TC06 -->
  <system-out/>
</testsuite> <!-- fbTest.PriorityTest -->
